This is LuaTeX, Version 1.07.0 (MiKTeX 2.9.6840 64-bit)  (format=lualatex 2019.9.11)  14 AUG 2020 23:47
 restricted system commands enabled.
**thesis_main.tex
(./thesis_main.tex
LaTeX2e <2018-04-01> patch level 5
Lua module: luaotfload-main 2018/09/24 2.90001 OpenType layout system.
Lua module: lualibs 2018-09-21 2.6 ConTeXt Lua standard libraries.
Lua module: lualibs-extended 2018-09-21 2.6 ConTeXt Lua libraries -- extended co
llection.
luaotfload | conf : Root cache directory is C:/Users/Matt/AppData/Local/MiKTeX/2
.9/luatex-cache/generic/names.
luaotfload | init : Loading fontloader “fontloader-2018-09-24.lua” from kpse
-resolved path “C:/Users/Matt/AppData/Local/Programs/MiKTeX 2.9/tex/luatex/lua
otfload/fontloader-2018-09-24.lua”.
Lua-only attribute luaotfload@state = 1
Lua-only attribute luaotfload@noligature = 2
Lua-only attribute luaotfload@syllabe = 3
luaotfload | init : Context OpenType loader version “3.104”
Inserting `luaotfload.node_processor' at position 1 in `pre_linebreak_filter'.
Inserting `luaotfload.node_processor' at position 1 in `hpack_filter'.
Inserting `luaotfload.define_font' at position 1 in `define_font'.
Lua-only attribute luaotfload_color_attribute = 4
luaotfload | conf : Root cache directory is C:/Users/Matt/AppData/Local/MiKTeX/2
.9/luatex-cache/generic/names.
Inserting `luaotfload.aux.set_sscale_dimens' at position 1 in `luaotfload.patch_
font'.
Inserting `luaotfload.aux.patch_cambria_domh' at position 2 in `luaotfload.patch
_font'.
Inserting `luaotfload.aux.fixup_fontdata' at position 1 in `luaotfload.patch_fon
t_unsafe'.
Inserting `luaotfload.aux.set_capheight' at position 3 in `luaotfload.patch_font
'.
Inserting `luaotfload.rewrite_fontname' at position 4 in `luaotfload.patch_font'
.
luaotfload | main : initialization completed in 0.779 seconds ("C:/Users/Matt/A
ppData/Local/Programs/MiKTeX 2.9/tex/latex/thesis/thesis.cls"
Document Class: thesis 1996/25/01 1.0g LaTeX document class (wm).
\hours=\count80
\minutes=\count81
("C:/Users/Matt/AppData/Local/Programs/MiKTeX 2.9/tex/latex/base/bk11.clo"
File: bk11.clo 2014/09/29 v1.4h Standard LaTeX file (size option)
luaotfload | db : Font names database loaded from C:/Users/Matt/AppData/Local/Mi
KTeX/2.9/luatex-cache/generic/names/luaotfload-names.luc)
\c@part=\count82
\c@chapter=\count83
\c@section=\count84
\c@subsection=\count85
\c@subsubsection=\count86
\c@paragraph=\count87
\c@subparagraph=\count88
\beforechaptervspace=\skip41
\afterchaptervspace=\skip42
\exampleindent=\skip43
\c@figure=\count89
\c@table=\count90
\abovecaptionskip=\skip44
\belowcaptionskip=\skip45
\bibindent=\dimen102
)
("C:/Users/Matt/AppData/Local/Programs/MiKTeX 2.9/tex/latex/graphics/graphicx.s
ty"
Package: graphicx 2017/06/01 v1.1a Enhanced LaTeX Graphics (DPC,SPQR)

("C:/Users/Matt/AppData/Local/Programs/MiKTeX 2.9/tex/latex/graphics/keyval.sty
"
Package: keyval 2014/10/28 v1.15 key=value parser (DPC)
\KV@toks@=\toks14
)
("C:/Users/Matt/AppData/Local/Programs/MiKTeX 2.9/tex/latex/graphics/graphics.s
ty"
Package: graphics 2017/06/25 v1.2c Standard LaTeX Graphics (DPC,SPQR)

("C:/Users/Matt/AppData/Local/Programs/MiKTeX 2.9/tex/latex/graphics/trig.sty"
Package: trig 2016/01/03 v1.10 sin cos tan (DPC)
)
("C:/Users/Matt/AppData/Local/Programs/MiKTeX 2.9/tex/latex/graphics-cfg/graphi
cs.cfg"
File: graphics.cfg 2016/06/04 v1.11 sample graphics configuration
)
Package graphics Info: Driver file: luatex.def on input line 99.

("C:/Users/Matt/AppData/Local/Programs/MiKTeX 2.9/tex/latex/graphics-def/luatex
.def"
File: luatex.def 2018/01/08 v1.0l Graphics/color driver for luatex
))
\Gin@req@height=\dimen103
\Gin@req@width=\dimen104
)

LaTeX Warning: Unused global option(s):
    [modernstyle].

(./thesis_main.aux)
\openout1 = thesis_main.aux

LaTeX Font Info:    Checking defaults for OML/cmm/m/it on input line 9.
LaTeX Font Info:    ... okay on input line 9.
LaTeX Font Info:    Checking defaults for T1/cmr/m/n on input line 9.
LaTeX Font Info:    ... okay on input line 9.
LaTeX Font Info:    Checking defaults for OT1/cmr/m/n on input line 9.
LaTeX Font Info:    ... okay on input line 9.
LaTeX Font Info:    Checking defaults for OMS/cmsy/m/n on input line 9.
LaTeX Font Info:    ... okay on input line 9.
LaTeX Font Info:    Checking defaults for TU/lmr/m/n on input line 9.
LaTeX Font Info:    ... okay on input line 9.
LaTeX Font Info:    Checking defaults for OMX/cmex/m/n on input line 9.
LaTeX Font Info:    ... okay on input line 9.
LaTeX Font Info:    Checking defaults for U/cmr/m/n on input line 9.
LaTeX Font Info:    ... okay on input line 9.

("C:/Users/Matt/AppData/Local/Programs/MiKTeX 2.9/tex/context/base/mkii/supp-pd
f.mkii"
[Loading MPS to PDF converter (version 2006.09.02).]
\scratchcounter=\count91
\scratchdimen=\dimen105
\scratchbox=\box26
\nofMPsegments=\count92
\nofMParguments=\count93
\everyMPshowfont=\toks15
\MPscratchCnt=\count94
\MPscratchDim=\dimen106
\MPnumerator=\count95
\makeMPintoPDFobject=\count96
\everyMPtoPDFconversion=\toks16
)
("C:/Users/Matt/AppData/Local/Programs/MiKTeX 2.9/tex/latex/oberdiek/epstopdf-b
ase.sty"
Package: epstopdf-base 2016/05/15 v2.6 Base part for package epstopdf

("C:/Users/Matt/AppData/Local/Programs/MiKTeX 2.9/tex/generic/oberdiek/infwarer
r.sty"
Package: infwarerr 2016/05/16 v1.4 Providing info/warning/error messages (HO)
)
("C:/Users/Matt/AppData/Local/Programs/MiKTeX 2.9/tex/latex/oberdiek/grfext.sty
"
Package: grfext 2016/05/16 v1.2 Manage graphics extensions (HO)

("C:/Users/Matt/AppData/Local/Programs/MiKTeX 2.9/tex/generic/oberdiek/kvdefine
keys.sty"
Package: kvdefinekeys 2016/05/16 v1.4 Define keys (HO)

("C:/Users/Matt/AppData/Local/Programs/MiKTeX 2.9/tex/generic/oberdiek/ltxcmds.
sty"
Package: ltxcmds 2016/05/16 v1.23 LaTeX kernel commands for general use (HO)
)))
("C:/Users/Matt/AppData/Local/Programs/MiKTeX 2.9/tex/latex/oberdiek/kvoptions.
sty"
Package: kvoptions 2016/05/16 v3.12 Key value format for package options (HO)

("C:/Users/Matt/AppData/Local/Programs/MiKTeX 2.9/tex/generic/oberdiek/kvsetkey
s.sty"
Package: kvsetkeys 2016/05/16 v1.17 Key value parser (HO)

("C:/Users/Matt/AppData/Local/Programs/MiKTeX 2.9/tex/generic/oberdiek/etexcmds
.sty"
Package: etexcmds 2016/05/16 v1.6 Avoid name clashes with e-TeX commands (HO)

("C:/Users/Matt/AppData/Local/Programs/MiKTeX 2.9/tex/generic/oberdiek/ifluatex
.sty"
Package: ifluatex 2016/05/16 v1.4 Provides the ifluatex switch (HO)
Package ifluatex Info: LuaTeX detected.
))))
("C:/Users/Matt/AppData/Local/Programs/MiKTeX 2.9/tex/generic/oberdiek/pdftexcm
ds.sty"
Package: pdftexcmds 2018/09/10 v0.29 Utility functions of pdfTeX for LuaTeX (HO)


("C:/Users/Matt/AppData/Local/Programs/MiKTeX 2.9/tex/generic/oberdiek/ifpdf.st
y"
Package: ifpdf 2018/09/07 v3.3 Provides the ifpdf switch
)
Package pdftexcmds Info: \pdf@primitive is available.
Package pdftexcmds Info: \pdf@ifprimitive is available.
Package pdftexcmds Info: \pdfdraftmode found.
\pdftexcmds@toks=\toks17
)
Package epstopdf-base Info: Redefining graphics rule for `.eps' on input line 43
8.
Package grfext Info: Graphics extension search list:
(grfext)             [.pdf,.png,.jpg,.mps,.jpeg,.jbig2,.jb2,.PDF,.PNG,.JPG,.JPEG
,.JBIG2,.JB2,.eps]
(grfext)             \AppendGraphicsExtensions on input line 456.
)
LaTeX Font Info:    External font `cmex10' loaded for size
(Font)              <10.95> on input line 10.
LaTeX Font Info:    External font `cmex10' loaded for size
(Font)              <8> on input line 10.
LaTeX Font Info:    External font `cmex10' loaded for size
(Font)              <6> on input line 10.
 [1


{C:/Users/Matt/AppData/Local/MiKTeX/2.9/pdftex/config/pdftex.map}]
(./thesis_main.toc)
\tf@toc=\write3

\openout3 = thesis_main.toc
 [2

] (./thesis_main.lof
Overfull \hbox (23.96176pt too wide) in paragraph at lines 12--12
 \TU/lmr/m/n/10.95 Tracker In-ner Disks (TID), and Tracker End-caps (TEC). Repr
inted 
 []

)
\tf@lof=\write4

\openout4 = thesis_main.lof
 [3

] (./thesis_main.lot)
\tf@lot=\write5

\openout5 = thesis_main.lot
 (./Chapters/StandardModel.tex [4

]
Chapter 1.
) (./Chapters/SUSY.tex [5

]
Chapter 2.
) (./Chapters/LHC.tex [6

]
Chapter 3.
<Figures/LHC_IPs.png, id=26, 681.54625pt x 685.56125pt>
File: Figures/LHC_IPs.png Graphic file (type png)
<use Figures/LHC_IPs.png>
Package luatex.def Info: Figures/LHC_IPs.png  used on input line 8.
(luatex.def)             Requested size: 251.9989pt x 253.48631pt.

LaTeX Warning: `h' float specifier changed to `ht'.

[7

]
<Figures/LHC_sketch1.png, id=34, 3362.4822pt x 2625.3282pt>
File: Figures/LHC_sketch1.png Graphic file (type png)
<use Figures/LHC_sketch1.png>
Package luatex.def Info: Figures/LHC_sketch1.png  used on input line 19.
(luatex.def)             Requested size: 360.0pt x 281.05556pt.


LaTeX Warning: `h' float specifier changed to `ht'.

<Figures/RFbucket.jpg, id=35, 280.04625pt x 174.6525pt>
File: Figures/RFbucket.jpg Graphic file (type jpg)
<use Figures/RFbucket.jpg>
Package luatex.def Info: Figures/RFbucket.jpg  used on input line 26.
(luatex.def)             Requested size: 251.9989pt x 157.16713pt.

LaTeX Warning: `h' float specifier changed to `ht'.

[8<./Figures/LHC_IPs.png>]
<Figures/LHCdipole.jpg, id=40, 782.17218pt x 572.89032pt>
File: Figures/LHCdipole.jpg Graphic file (type jpg)
<use Figures/LHCdipole.jpg>
Package luatex.def Info: Figures/LHCdipole.jpg  used on input line 39.
(luatex.def)             Requested size: 251.9989pt x 184.56995pt.


LaTeX Warning: `h' float specifier changed to `ht'.

[9<./Figures/LHC_sketch1.png>]
<Figures/Int_lumi_run2.pdf, id=45, 578.16pt x 433.62pt>
File: Figures/Int_lumi_run2.pdf Graphic file (type pdf)
<use Figures/Int_lumi_run2.pdf>
Package luatex.def Info: Figures/Int_lumi_run2.pdf  used on input line 63.
(luatex.def)             Requested size: 251.9989pt x 188.9937pt.


LaTeX Warning: `h' float specifier changed to `ht'.

) (./Chapters/CMS.tex [10<./Figures/RFbucket.jpg>] [11<./Figures/LHCdipole.jpg><
./Figures/Int_lumi_run2.pdf>]
Chapter 4.
<Figures/cms_schematic.pdf, id=120, 2392.81453pt x 1690.44048pt>
File: Figures/cms_schematic.pdf Graphic file (type pdf)
<use Figures/cms_schematic.pdf>
Package luatex.def Info: Figures/cms_schematic.pdf  used on input line 7.
(luatex.def)             Requested size: 251.9989pt x 178.00447pt.
[12

<./Figures/cms_schematic.pdf>]
<Figures/CMS_slice_white_colour_french_291016.pdf, id=152, 1024.82875pt x 627.61
876pt>
File: Figures/CMS_slice_white_colour_french_291016.pdf Graphic file (type pdf)
<use Figures/CMS_slice_white_colour_french_291016.pdf>
Package luatex.def Info: Figures/CMS_slice_white_colour_french_291016.pdf  used 
on input line 16.
(luatex.def)             Requested size: 251.9989pt x 154.32817pt.
 [13<./Figures/CMS_slice_white_colour_french_291016.pdf>]
<Figures/TrackerLayout_v2.png, id=331, 1366.50525pt x 642.60075pt>
File: Figures/TrackerLayout_v2.png Graphic file (type png)
<use Figures/TrackerLayout_v2.png>
Package luatex.def Info: Figures/TrackerLayout_v2.png  used on input line 68.
(luatex.def)             Requested size: 251.9989pt x 118.49687pt.


LaTeX Warning: `h' float specifier changed to `ht'.

[14]
<Figures/Tracker_sideview.png, id=335, 1112.35574pt x 563.706pt>
File: Figures/Tracker_sideview.png Graphic file (type png)
<use Figures/Tracker_sideview.png>
Package luatex.def Info: Figures/Tracker_sideview.png  used on input line 80.
(luatex.def)             Requested size: 251.9989pt x 127.70572pt.


LaTeX Warning: `h' float specifier changed to `ht'.

[15<./Figures/TrackerLayout_v2.png>] [16<./Figures/Tracker_sideview.png>]
<Figures/ECAL_crystals.png, id=345, 986.18437pt x 325.5914pt>
File: Figures/ECAL_crystals.png Graphic file (type png)
<use Figures/ECAL_crystals.png>
Package luatex.def Info: Figures/ECAL_crystals.png  used on input line 109.
(luatex.def)             Requested size: 251.9989pt x 83.1961pt.
LaTeX Font Info:    External font `cmex10' loaded for size
(Font)              <7> on input line 110.
LaTeX Font Info:    External font `cmex10' loaded for size
(Font)              <5> on input line 110.


LaTeX Warning: `h' float specifier changed to `ht'.

[17] [18<./Figures/ECAL_crystals.png>]
<Figures/ECAL_layout.png, id=354, 590.80725pt x 390.86024pt>
File: Figures/ECAL_layout.png Graphic file (type png)
<use Figures/ECAL_layout.png>
Package luatex.def Info: Figures/ECAL_layout.png  used on input line 126.
(luatex.def)             Requested size: 251.9989pt x 166.71278pt.
) (./Chapters/MTD.tex [19<./Figures/ECAL_layout.png>] [20]
Chapter 5.
<Figures/LHCTimeline.jpg, id=362, 1486.55376pt x 619.31375pt>
File: Figures/LHCTimeline.jpg Graphic file (type jpg)
<use Figures/LHCTimeline.jpg>
Package luatex.def Info: Figures/LHCTimeline.jpg  used on input line 7.
(luatex.def)             Requested size: 360.0pt x 149.98022pt.
[21

<./Figures/LHCTimeline.jpg>]
<Figures/Pileup_4D.png, id=367, 831.105pt x 471.26062pt>
File: Figures/Pileup_4D.png Graphic file (type png)
<use Figures/Pileup_4D.png>
Package luatex.def Info: Figures/Pileup_4D.png  used on input line 18.
(luatex.def)             Requested size: 251.9989pt x 142.88936pt.
) (./thesis_main.bbl [22<./Figures/Pileup_4D.png>] [23

]) [24] (./thesis_main.aux))

Here is how much of LuaTeX's memory you used:
 2022 strings out of 494407
 100000,106986 words of node,token memory allocated
 457 words of node memory still in use:
   2 hlist, 1 vlist, 1 rule, 2 glue, 3 kern, 1 glyph, 18 attribute, 49 glue_spec
, 18 attribute_list, 1 write nodes
   avail lists: 2:294,3:97,4:35,5:250,6:23,7:4048,8:61,9:149,10:24,11:302
 5937 multiletter control sequences out of 65536+200000
 41 fonts using 2826639 bytes
 41i,8n,25p,1594b,252s stack positions out of 5000i,500n,10000p,200000b,50000s
<c:/users/matt/appdata/local/programs/miktex 2.9/fonts/opentype/public/lm/lmroma
n10-italic.otf><c:/users/matt/appdata/local/programs/miktex 2.9/fonts/opentype/p
ublic/lm/lmromanslant12-regular.otf><c:/users/matt/appdata/local/programs/miktex
 2.9/fonts/opentype/public/lm/lmromanslant10-regular.otf><c:/users/matt/appdata/
local/programs/miktex 2.9/fonts/opentype/public/lm/lmroman12-regular.otf><c:/use
rs/matt/appdata/local/programs/miktex 2.9/fonts/opentype/public/lm/lmroman10-reg
ular.otf><c:/users/matt/appdata/local/programs/miktex 2.9/fonts/opentype/public/
lm/lmroman17-regular.otf><C:/Users/Matt/AppData/Local/Programs/MiKTeX 2.9/fonts/
type1/public/amsfonts/cm/cmex10.pfb><C:/Users/Matt/AppData/Local/Programs/MiKTeX
 2.9/fonts/type1/public/amsfonts/cm/cmmi10.pfb><C:/Users/Matt/AppData/Local/Prog
rams/MiKTeX 2.9/fonts/type1/public/amsfonts/cm/cmmi8.pfb><C:/Users/Matt/AppData/
Local/Programs/MiKTeX 2.9/fonts/type1/public/amsfonts/cm/cmr10.pfb><C:/Users/Mat
t/AppData/Local/Programs/MiKTeX 2.9/fonts/type1/public/amsfonts/cm/cmr7.pfb><C:/
Users/Matt/AppData/Local/Programs/MiKTeX 2.9/fonts/type1/public/amsfonts/cm/cmr8
.pfb><C:/Users/Matt/AppData/Local/Programs/MiKTeX 2.9/fonts/type1/public/amsfont
s/cm/cmsy10.pfb><C:/Users/Matt/AppData/Local/Programs/MiKTeX 2.9/fonts/type1/pub
lic/amsfonts/cm/cmsy8.pfb>
Output written on thesis_main.pdf (24 pages, 11785917 bytes).

PDF statistics: 440 PDF objects out of 1000 (max. 8388607)
 0 named destinations out of 1000 (max. 131072)
 1 words of extra memory for PDF output out of 10000 (max. 100000000)

